
Showing logs for build [32mcb-kubecd-environment-pr-193-29-87kxd-1[0m stage [32mfrom-build-pack[0m and container [32mstep-credential-initializer-pg4w2[0m
{"level":"warn","ts":1585889659.428172,"logger":"fallback-logger","caller":"logging/config.go:69","msg":"Fetch GitHub commit ID from kodata failed: \"ref: refs/heads/0.8.0-**-support-backwards-incompats\" is not a valid GitHub commit ID"}
{"level":"info","ts":1585889659.4288323,"logger":"fallback-logger","caller":"creds-init/main.go:40","msg":"Credentials initialized."}

Showing logs for build [32mcb-kubecd-environment-pr-193-29-87kxd-1[0m stage [32mfrom-build-pack[0m and container [32mstep-working-dir-initializer-5str9[0m
{"level":"warn","ts":1585889661.0176282,"logger":"fallback-logger","caller":"logging/config.go:69","msg":"Fetch GitHub commit ID from kodata failed: open /var/run/ko/HEAD: no such file or directory"}
{"level":"info","ts":1585889661.0229332,"logger":"fallback-logger","caller":"bash/main.go:64","msg":"Successfully executed command \"sh -c mkdir -p /workspace/source\"; output "}

Showing logs for build [32mcb-kubecd-environment-pr-193-29-87kxd-1[0m stage [32mfrom-build-pack[0m and container [32mstep-place-tools[0m

Showing logs for build [32mcb-kubecd-environment-pr-193-29-87kxd-1[0m stage [32mfrom-build-pack[0m and container [32mstep-git-source-cb-kubecd-environment-pr-193-29-87kxd-dvk6c[0m
{"level":"warn","ts":1585889665.2510395,"logger":"fallback-logger","caller":"logging/config.go:69","msg":"Fetch GitHub commit ID from kodata failed: \"ref: refs/heads/0.8.0-**-support-backwards-incompats\" is not a valid GitHub commit ID"}
{"level":"info","ts":1585889666.3046303,"logger":"fallback-logger","caller":"git/git.go:103","msg":"Successfully cloned https://github.com/cb-kubecd/environment-pr-193-29-boot-gke-staging.git @ master in path /workspace/source"}

Showing logs for build [32mcb-kubecd-environment-pr-193-29-87kxd-1[0m stage [32mfrom-build-pack[0m and container [32mstep-git-merge[0m
Using SHAs from PULL_REFS=master:8deec7337d66b1126e5de4491f9b2ad2bd5649b8,3:b803f58482bd3dbef2a87b4c968c4adf84b0a698
DEBUG: LC_ALL=C JX_LOG_LEVEL=error git fetch origin --unshallow b803f58482bd3dbef2a87b4c968c4adf84b0a698: 8deec7337d66b1126e5de4491f9b2ad2bd5649b8:
DEBUG: ran git fetch --unshallow origin b803f58482bd3dbef2a87b4c968c4adf84b0a698: 8deec7337d66b1126e5de4491f9b2ad2bd5649b8: in 
DEBUG: LC_ALL=C JX_LOG_LEVEL=error git branch
DEBUG: LC_ALL=C JX_LOG_LEVEL=error git checkout master
DEBUG: ran git checkout master in 
DEBUG: LC_ALL=C JX_LOG_LEVEL=error git reset --hard 8deec7337d66b1126e5de4491f9b2ad2bd5649b8
DEBUG: ran git reset --hard 8deec7337d66b1126e5de4491f9b2ad2bd5649b8 in 
DEBUG: LC_ALL=C JX_LOG_LEVEL=error git clean -fd .
DEBUG: ran clean --force -d . in 
DEBUG: JX_LOG_LEVEL=error LC_ALL=C git merge b803f58482bd3dbef2a87b4c968c4adf84b0a698
DEBUG: ran git merge b803f58482bd3dbef2a87b4c968c4adf84b0a698 in 
DEBUG: LC_ALL=C JX_LOG_LEVEL=error git log --format=%H%x1f%an%x1f%ae%x1f%cn%x1f%ce%x1f%s%n%b%x1e 8deec7337d66b1126e5de4491f9b2ad2bd5649b8..HEAD
Merged SHA b803f58482bd3dbef2a87b4c968c4adf84b0a698 with commit message 'chore: Promote bdd-gh-1585888795 to version 0.0.1' into base branch master

Showing logs for build [32mcb-kubecd-environment-pr-193-29-87kxd-1[0m stage [32mfrom-build-pack[0m and container [32mstep-build-helm-build[0m
WARNING: No $CHART_REPOSITORY defined so using the default value of: http://jenkins-x-chartmuseum:8080
Adding missing Helm repo: storage.googleapis.com https://storage.googleapis.com/chartmuseum.jenkins-x.io
WARNING: No secrets found on "helm/repos" due: reading the secret "helm/repos" from vault: no secret "helm/repos" not found in vault
Read credentials for https://storage.googleapis.com/chartmuseum.jenkins-x.io from vault helm/repos
Successfully added Helm repository storage.googleapis.com.
Adding missing Helm repo: jenkins-x-chartmuseum http://jenkins-x-chartmuseum:8080
WARNING: No secrets found on "helm/repos" due: reading the secret "helm/repos" from vault: no secret "helm/repos" not found in vault
Read credentials for http://jenkins-x-chartmuseum:8080 from vault helm/repos
Successfully added Helm repository jenkins-x-chartmuseum.
WARNING: No $CHART_REPOSITORY defined so using the default value of: http://jenkins-x-chartmuseum:8080
Adding missing Helm repo: chartmuseum.jenkins-x.io http://chartmuseum.jenkins-x.io
WARNING: No secrets found on "helm/repos" due: reading the secret "helm/repos" from vault: no secret "helm/repos" not found in vault
Read credentials for http://chartmuseum.jenkins-x.io from vault helm/repos
Successfully added Helm repository chartmuseum.jenkins-x.io.
